Started GET "/" for ::1 at 2019-09-13 16:42:06 +1000
  
ActiveRecord::NoDatabaseError (FATAL:  database "truckstalkers_development" does not exist
):
  
activerecord (5.2.3) lib/active_record/connection_adapters/postgresql_adapter.rb:696:in `rescue in connect'
activerecord (5.2.3) lib/active_record/connection_adapters/postgresql_adapter.rb:691:in `connect'
activerecord (5.2.3) lib/active_record/connection_adapters/postgresql_adapter.rb:223:in `initialize'
activerecord (5.2.3) lib/active_record/connection_adapters/postgresql_adapter.rb:48:in `new'
activerecord (5.2.3) lib/active_record/connection_adapters/postgresql_adapter.rb:48:in `postgresql_connection'
activerecord (5.2.3) lib/active_record/connection_adapters/abstract/connection_pool.rb:811:in `new_connection'
activerecord (5.2.3) lib/active_record/connection_adapters/abstract/connection_pool.rb:855:in `checkout_new_connection'
activerecord (5.2.3) lib/active_record/connection_adapters/abstract/connection_pool.rb:834:in `try_to_checkout_new_connection'
activerecord (5.2.3) lib/active_record/connection_adapters/abstract/connection_pool.rb:795:in `acquire_connection'
activerecord (5.2.3) lib/active_record/connection_adapters/abstract/connection_pool.rb:523:in `checkout'
activerecord (5.2.3) lib/active_record/connection_adapters/abstract/connection_pool.rb:382:in `connection'
activerecord (5.2.3) lib/active_record/connection_adapters/abstract/connection_pool.rb:1014:in `retrieve_connection'
activerecord (5.2.3) lib/active_record/connection_handling.rb:118:in `retrieve_connection'
activerecord (5.2.3) lib/active_record/connection_handling.rb:90:in `connection'
activerecord (5.2.3) lib/active_record/migration.rb:554:in `call'
actionpack (5.2.3) lib/action_dispatch/middleware/callbacks.rb:28:in `block in call'
activesupport (5.2.3) lib/active_support/callbacks.rb:98:in `run_callbacks'
actionpack (5.2.3) lib/action_dispatch/middleware/callbacks.rb:26:in `call'
actionpack (5.2.3) lib/action_dispatch/middleware/executor.rb:14:in `call'
actionpack (5.2.3) lib/action_dispatch/middleware/debug_exceptions.rb:61:in `call'
web-console (3.7.0) lib/web_console/middleware.rb:135:in `call_app'
web-console (3.7.0) lib/web_console/middleware.rb:30:in `block in call'
web-console (3.7.0) lib/web_console/middleware.rb:20:in `catch'
web-console (3.7.0) lib/web_console/middleware.rb:20:in `call'
actionpack (5.2.3) lib/action_dispatch/middleware/show_exceptions.rb:33:in `call'
railties (5.2.3) lib/rails/rack/logger.rb:38:in `call_app'
railties (5.2.3) lib/rails/rack/logger.rb:26:in `block in call'
activesupport (5.2.3) lib/active_support/tagged_logging.rb:71:in `block in tagged'
activesupport (5.2.3) lib/active_support/tagged_logging.rb:28:in `tagged'
activesupport (5.2.3) lib/active_support/tagged_logging.rb:71:in `tagged'
railties (5.2.3) lib/rails/rack/logger.rb:26:in `call'
sprockets-rails (3.2.1) lib/sprockets/rails/quiet_assets.rb:13:in `call'
actionpack (5.2.3) lib/action_dispatch/middleware/remote_ip.rb:81:in `call'
actionpack (5.2.3) lib/action_dispatch/middleware/request_id.rb:27:in `call'
rack (2.0.7) lib/rack/method_override.rb:22:in `call'
rack (2.0.7) lib/rack/runtime.rb:22:in `call'
activesupport (5.2.3) lib/active_support/cache/strategy/local_cache_middleware.rb:29:in `call'
actionpack (5.2.3) lib/action_dispatch/middleware/executor.rb:14:in `call'
actionpack (5.2.3) lib/action_dispatch/middleware/static.rb:127:in `call'
rack (2.0.7) lib/rack/sendfile.rb:111:in `call'
railties (5.2.3) lib/rails/engine.rb:524:in `call'
puma (3.12.1) lib/puma/configuration.rb:227:in `call'
puma (3.12.1) lib/puma/server.rb:660:in `handle_request'
puma (3.12.1) lib/puma/server.rb:474:in `process_client'
puma (3.12.1) lib/puma/server.rb:334:in `block in run'
puma (3.12.1) lib/puma/thread_pool.rb:135:in `block in spawn_thread'
Started GET "/" for ::1 at 2019-09-13 16:44:23 +1000
  
ActiveRecord::NoDatabaseError (FATAL:  database "truckstalkers_development" does not exist
):
  
activerecord (5.2.3) lib/active_record/connection_adapters/postgresql_adapter.rb:696:in `rescue in connect'
activerecord (5.2.3) lib/active_record/connection_adapters/postgresql_adapter.rb:691:in `connect'
activerecord (5.2.3) lib/active_record/connection_adapters/postgresql_adapter.rb:223:in `initialize'
activerecord (5.2.3) lib/active_record/connection_adapters/postgresql_adapter.rb:48:in `new'
activerecord (5.2.3) lib/active_record/connection_adapters/postgresql_adapter.rb:48:in `postgresql_connection'
activerecord (5.2.3) lib/active_record/connection_adapters/abstract/connection_pool.rb:811:in `new_connection'
activerecord (5.2.3) lib/active_record/connection_adapters/abstract/connection_pool.rb:855:in `checkout_new_connection'
activerecord (5.2.3) lib/active_record/connection_adapters/abstract/connection_pool.rb:834:in `try_to_checkout_new_connection'
activerecord (5.2.3) lib/active_record/connection_adapters/abstract/connection_pool.rb:795:in `acquire_connection'
activerecord (5.2.3) lib/active_record/connection_adapters/abstract/connection_pool.rb:523:in `checkout'
activerecord (5.2.3) lib/active_record/connection_adapters/abstract/connection_pool.rb:382:in `connection'
activerecord (5.2.3) lib/active_record/connection_adapters/abstract/connection_pool.rb:1014:in `retrieve_connection'
activerecord (5.2.3) lib/active_record/connection_handling.rb:118:in `retrieve_connection'
activerecord (5.2.3) lib/active_record/connection_handling.rb:90:in `connection'
activerecord (5.2.3) lib/active_record/migration.rb:554:in `call'
actionpack (5.2.3) lib/action_dispatch/middleware/callbacks.rb:28:in `block in call'
activesupport (5.2.3) lib/active_support/callbacks.rb:98:in `run_callbacks'
actionpack (5.2.3) lib/action_dispatch/middleware/callbacks.rb:26:in `call'
actionpack (5.2.3) lib/action_dispatch/middleware/executor.rb:14:in `call'
actionpack (5.2.3) lib/action_dispatch/middleware/debug_exceptions.rb:61:in `call'
web-console (3.7.0) lib/web_console/middleware.rb:135:in `call_app'
web-console (3.7.0) lib/web_console/middleware.rb:30:in `block in call'
web-console (3.7.0) lib/web_console/middleware.rb:20:in `catch'
web-console (3.7.0) lib/web_console/middleware.rb:20:in `call'
actionpack (5.2.3) lib/action_dispatch/middleware/show_exceptions.rb:33:in `call'
railties (5.2.3) lib/rails/rack/logger.rb:38:in `call_app'
railties (5.2.3) lib/rails/rack/logger.rb:26:in `block in call'
activesupport (5.2.3) lib/active_support/tagged_logging.rb:71:in `block in tagged'
activesupport (5.2.3) lib/active_support/tagged_logging.rb:28:in `tagged'
activesupport (5.2.3) lib/active_support/tagged_logging.rb:71:in `tagged'
railties (5.2.3) lib/rails/rack/logger.rb:26:in `call'
sprockets-rails (3.2.1) lib/sprockets/rails/quiet_assets.rb:13:in `call'
actionpack (5.2.3) lib/action_dispatch/middleware/remote_ip.rb:81:in `call'
actionpack (5.2.3) lib/action_dispatch/middleware/request_id.rb:27:in `call'
rack (2.0.7) lib/rack/method_override.rb:22:in `call'
rack (2.0.7) lib/rack/runtime.rb:22:in `call'
activesupport (5.2.3) lib/active_support/cache/strategy/local_cache_middleware.rb:29:in `call'
actionpack (5.2.3) lib/action_dispatch/middleware/executor.rb:14:in `call'
actionpack (5.2.3) lib/action_dispatch/middleware/static.rb:127:in `call'
rack (2.0.7) lib/rack/sendfile.rb:111:in `call'
railties (5.2.3) lib/rails/engine.rb:524:in `call'
puma (3.12.1) lib/puma/configuration.rb:227:in `call'
puma (3.12.1) lib/puma/server.rb:660:in `handle_request'
puma (3.12.1) lib/puma/server.rb:474:in `process_client'
puma (3.12.1) lib/puma/server.rb:334:in `block in run'
puma (3.12.1) lib/puma/thread_pool.rb:135:in `block in spawn_thread'
Started GET "/" for ::1 at 2019-09-13 16:50:03 +1000
  
ActiveRecord::NoDatabaseError (FATAL:  database "truckstalkers_development" does not exist
):
  
activerecord (5.2.3) lib/active_record/connection_adapters/postgresql_adapter.rb:696:in `rescue in connect'
activerecord (5.2.3) lib/active_record/connection_adapters/postgresql_adapter.rb:691:in `connect'
activerecord (5.2.3) lib/active_record/connection_adapters/postgresql_adapter.rb:223:in `initialize'
activerecord (5.2.3) lib/active_record/connection_adapters/postgresql_adapter.rb:48:in `new'
activerecord (5.2.3) lib/active_record/connection_adapters/postgresql_adapter.rb:48:in `postgresql_connection'
activerecord (5.2.3) lib/active_record/connection_adapters/abstract/connection_pool.rb:811:in `new_connection'
activerecord (5.2.3) lib/active_record/connection_adapters/abstract/connection_pool.rb:855:in `checkout_new_connection'
activerecord (5.2.3) lib/active_record/connection_adapters/abstract/connection_pool.rb:834:in `try_to_checkout_new_connection'
activerecord (5.2.3) lib/active_record/connection_adapters/abstract/connection_pool.rb:795:in `acquire_connection'
activerecord (5.2.3) lib/active_record/connection_adapters/abstract/connection_pool.rb:523:in `checkout'
activerecord (5.2.3) lib/active_record/connection_adapters/abstract/connection_pool.rb:382:in `connection'
activerecord (5.2.3) lib/active_record/connection_adapters/abstract/connection_pool.rb:1014:in `retrieve_connection'
activerecord (5.2.3) lib/active_record/connection_handling.rb:118:in `retrieve_connection'
activerecord (5.2.3) lib/active_record/connection_handling.rb:90:in `connection'
activerecord (5.2.3) lib/active_record/migration.rb:554:in `call'
actionpack (5.2.3) lib/action_dispatch/middleware/callbacks.rb:28:in `block in call'
activesupport (5.2.3) lib/active_support/callbacks.rb:98:in `run_callbacks'
actionpack (5.2.3) lib/action_dispatch/middleware/callbacks.rb:26:in `call'
actionpack (5.2.3) lib/action_dispatch/middleware/executor.rb:14:in `call'
actionpack (5.2.3) lib/action_dispatch/middleware/debug_exceptions.rb:61:in `call'
web-console (3.7.0) lib/web_console/middleware.rb:135:in `call_app'
web-console (3.7.0) lib/web_console/middleware.rb:30:in `block in call'
web-console (3.7.0) lib/web_console/middleware.rb:20:in `catch'
web-console (3.7.0) lib/web_console/middleware.rb:20:in `call'
actionpack (5.2.3) lib/action_dispatch/middleware/show_exceptions.rb:33:in `call'
railties (5.2.3) lib/rails/rack/logger.rb:38:in `call_app'
railties (5.2.3) lib/rails/rack/logger.rb:26:in `block in call'
activesupport (5.2.3) lib/active_support/tagged_logging.rb:71:in `block in tagged'
activesupport (5.2.3) lib/active_support/tagged_logging.rb:28:in `tagged'
activesupport (5.2.3) lib/active_support/tagged_logging.rb:71:in `tagged'
railties (5.2.3) lib/rails/rack/logger.rb:26:in `call'
sprockets-rails (3.2.1) lib/sprockets/rails/quiet_assets.rb:13:in `call'
actionpack (5.2.3) lib/action_dispatch/middleware/remote_ip.rb:81:in `call'
actionpack (5.2.3) lib/action_dispatch/middleware/request_id.rb:27:in `call'
rack (2.0.7) lib/rack/method_override.rb:22:in `call'
rack (2.0.7) lib/rack/runtime.rb:22:in `call'
activesupport (5.2.3) lib/active_support/cache/strategy/local_cache_middleware.rb:29:in `call'
actionpack (5.2.3) lib/action_dispatch/middleware/executor.rb:14:in `call'
actionpack (5.2.3) lib/action_dispatch/middleware/static.rb:127:in `call'
rack (2.0.7) lib/rack/sendfile.rb:111:in `call'
railties (5.2.3) lib/rails/engine.rb:524:in `call'
puma (3.12.1) lib/puma/configuration.rb:227:in `call'
puma (3.12.1) lib/puma/server.rb:660:in `handle_request'
puma (3.12.1) lib/puma/server.rb:474:in `process_client'
puma (3.12.1) lib/puma/server.rb:334:in `block in run'
puma (3.12.1) lib/puma/thread_pool.rb:135:in `block in spawn_thread'
Started PUT "/__web_console/repl_sessions/a6c28d1c394032855f011d4ff6a1f618" for ::1 at 2019-09-13 16:50:10 +1000
Started PUT "/__web_console/repl_sessions/a6c28d1c394032855f011d4ff6a1f618" for ::1 at 2019-09-13 16:50:13 +1000
Started PUT "/__web_console/repl_sessions/a6c28d1c394032855f011d4ff6a1f618" for ::1 at 2019-09-13 16:50:40 +1000
Started PUT "/__web_console/repl_sessions/a6c28d1c394032855f011d4ff6a1f618" for ::1 at 2019-09-13 16:50:41 +1000
Started PUT "/__web_console/repl_sessions/a6c28d1c394032855f011d4ff6a1f618" for ::1 at 2019-09-13 16:50:44 +1000
Started PUT "/__web_console/repl_sessions/a6c28d1c394032855f011d4ff6a1f618" for ::1 at 2019-09-13 16:51:23 +1000
  [1m[35m (488.0ms)[0m  [1m[35mCREATE DATABASE "truckstalkers_development" ENCODING = 'unicode'[0m
  ↳ bin/rails:9
  [1m[35m (416.7ms)[0m  [1m[35mCREATE DATABASE "truckstalkers_test" ENCODING = 'unicode'[0m
  ↳ bin/rails:9
Started GET "/" for ::1 at 2019-09-13 16:54:29 +1000
Processing by Rails::WelcomeController#index as HTML
  Rendering /Users/cliftonbaggerman/.rvm/gems/ruby-2.6.3/gems/railties-5.2.3/lib/rails/templates/rails/welcome/index.html.erb
  Rendered /Users/cliftonbaggerman/.rvm/gems/ruby-2.6.3/gems/railties-5.2.3/lib/rails/templates/rails/welcome/index.html.erb (2.3ms)
Completed 200 OK in 11ms (Views: 3.8ms | ActiveRecord: 0.0ms)


Started GET "/" for ::1 at 2019-09-13 17:06:25 +1000
  
LoadError (Unable to autoload constant LandingPageController, expected /Users/cliftonbaggerman/sei/code_along/14-kasun/truckstalkers/app/controllers/landing_page_controller.rb to define it):
  
activesupport (5.2.3) lib/active_support/dependencies.rb:511:in `load_missing_constant'
bootsnap (1.4.5) lib/bootsnap/load_path_cache/core_ext/active_support.rb:60:in `block in load_missing_constant'
bootsnap (1.4.5) lib/bootsnap/load_path_cache/core_ext/active_support.rb:16:in `allow_bootsnap_retry'
bootsnap (1.4.5) lib/bootsnap/load_path_cache/core_ext/active_support.rb:59:in `load_missing_constant'
activesupport (5.2.3) lib/active_support/dependencies.rb:195:in `const_missing'
activesupport (5.2.3) lib/active_support/inflector/methods.rb:283:in `const_get'
activesupport (5.2.3) lib/active_support/inflector/methods.rb:283:in `block in constantize'
activesupport (5.2.3) lib/active_support/inflector/methods.rb:281:in `each'
activesupport (5.2.3) lib/active_support/inflector/methods.rb:281:in `inject'
activesupport (5.2.3) lib/active_support/inflector/methods.rb:281:in `constantize'
activesupport (5.2.3) lib/active_support/dependencies.rb:582:in `get'
activesupport (5.2.3) lib/active_support/dependencies.rb:613:in `constantize'
actionpack (5.2.3) lib/action_dispatch/http/request.rb:88:in `controller_class_for'
actionpack (5.2.3) lib/action_dispatch/http/parameters.rb:101:in `binary_params_for?'
actionpack (5.2.3) lib/action_dispatch/http/parameters.rb:92:in `set_binary_encoding'
actionpack (5.2.3) lib/action_dispatch/http/parameters.rb:69:in `path_parameters='
actionpack (5.2.3) lib/action_dispatch/journey/router.rb:50:in `block in serve'
actionpack (5.2.3) lib/action_dispatch/journey/router.rb:35:in `each'
actionpack (5.2.3) lib/action_dispatch/journey/router.rb:35:in `serve'
actionpack (5.2.3) lib/action_dispatch/routing/route_set.rb:840:in `call'
rack (2.0.7) lib/rack/tempfile_reaper.rb:15:in `call'
rack (2.0.7) lib/rack/etag.rb:25:in `call'
rack (2.0.7) lib/rack/conditional_get.rb:25:in `call'
rack (2.0.7) lib/rack/head.rb:12:in `call'
actionpack (5.2.3) lib/action_dispatch/http/content_security_policy.rb:18:in `call'
rack (2.0.7) lib/rack/session/abstract/id.rb:232:in `context'
rack (2.0.7) lib/rack/session/abstract/id.rb:226:in `call'
actionpack (5.2.3) lib/action_dispatch/middleware/cookies.rb:670:in `call'
activerecord (5.2.3) lib/active_record/migration.rb:559:in `call'
actionpack (5.2.3) lib/action_dispatch/middleware/callbacks.rb:28:in `block in call'
activesupport (5.2.3) lib/active_support/callbacks.rb:98:in `run_callbacks'
actionpack (5.2.3) lib/action_dispatch/middleware/callbacks.rb:26:in `call'
actionpack (5.2.3) lib/action_dispatch/middleware/executor.rb:14:in `call'
actionpack (5.2.3) lib/action_dispatch/middleware/debug_exceptions.rb:61:in `call'
web-console (3.7.0) lib/web_console/middleware.rb:135:in `call_app'
web-console (3.7.0) lib/web_console/middleware.rb:30:in `block in call'
web-console (3.7.0) lib/web_console/middleware.rb:20:in `catch'
web-console (3.7.0) lib/web_console/middleware.rb:20:in `call'
actionpack (5.2.3) lib/action_dispatch/middleware/show_exceptions.rb:33:in `call'
railties (5.2.3) lib/rails/rack/logger.rb:38:in `call_app'
railties (5.2.3) lib/rails/rack/logger.rb:26:in `block in call'
activesupport (5.2.3) lib/active_support/tagged_logging.rb:71:in `block in tagged'
activesupport (5.2.3) lib/active_support/tagged_logging.rb:28:in `tagged'
activesupport (5.2.3) lib/active_support/tagged_logging.rb:71:in `tagged'
railties (5.2.3) lib/rails/rack/logger.rb:26:in `call'
sprockets-rails (3.2.1) lib/sprockets/rails/quiet_assets.rb:13:in `call'
actionpack (5.2.3) lib/action_dispatch/middleware/remote_ip.rb:81:in `call'
actionpack (5.2.3) lib/action_dispatch/middleware/request_id.rb:27:in `call'
rack (2.0.7) lib/rack/method_override.rb:22:in `call'
rack (2.0.7) lib/rack/runtime.rb:22:in `call'
activesupport (5.2.3) lib/active_support/cache/strategy/local_cache_middleware.rb:29:in `call'
actionpack (5.2.3) lib/action_dispatch/middleware/executor.rb:14:in `call'
actionpack (5.2.3) lib/action_dispatch/middleware/static.rb:127:in `call'
rack (2.0.7) lib/rack/sendfile.rb:111:in `call'
railties (5.2.3) lib/rails/engine.rb:524:in `call'
puma (3.12.1) lib/puma/configuration.rb:227:in `call'
puma (3.12.1) lib/puma/server.rb:660:in `handle_request'
puma (3.12.1) lib/puma/server.rb:474:in `process_client'
puma (3.12.1) lib/puma/server.rb:334:in `block in run'
puma (3.12.1) lib/puma/thread_pool.rb:135:in `block in spawn_thread'
Started GET "/" for ::1 at 2019-09-13 17:21:37 +1000
Processing by LandingPageController#index as HTML
Completed 406 Not Acceptable in 4ms (ActiveRecord: 0.0ms)


  
ActionController::UnknownFormat (LandingPageController#index is missing a template for this request format and variant.

request.formats: ["text/html"]
request.variant: []

NOTE! For XHR/Ajax or API requests, this action would normally respond with 204 No Content: an empty white screen. Since you're loading it in a web browser, we assume that you expected to actually render a template, not nothing, so we're showing an error to be extra-clear. If you expect 204 No Content, carry on. That's what you'll get from an XHR or API request. Give it a shot.):
  
actionpack (5.2.3) lib/action_controller/metal/implicit_render.rb:55:in `default_render'
actionpack (5.2.3) lib/action_controller/metal/basic_implicit_render.rb:6:in `block in send_action'
actionpack (5.2.3) lib/action_controller/metal/basic_implicit_render.rb:6:in `tap'
actionpack (5.2.3) lib/action_controller/metal/basic_implicit_render.rb:6:in `send_action'
actionpack (5.2.3) lib/abstract_controller/base.rb:194:in `process_action'
actionpack (5.2.3) lib/action_controller/metal/rendering.rb:30:in `process_action'
actionpack (5.2.3) lib/abstract_controller/callbacks.rb:42:in `block in process_action'
activesupport (5.2.3) lib/active_support/callbacks.rb:132:in `run_callbacks'
actionpack (5.2.3) lib/abstract_controller/callbacks.rb:41:in `process_action'
actionpack (5.2.3) lib/action_controller/metal/rescue.rb:22:in `process_action'
actionpack (5.2.3) lib/action_controller/metal/instrumentation.rb:34:in `block in process_action'
activesupport (5.2.3) lib/active_support/notifications.rb:168:in `block in instrument'
activesupport (5.2.3) lib/active_support/notifications/instrumenter.rb:23:in `instrument'
activesupport (5.2.3) lib/active_support/notifications.rb:168:in `instrument'
actionpack (5.2.3) lib/action_controller/metal/instrumentation.rb:32:in `process_action'
actionpack (5.2.3) lib/action_controller/metal/params_wrapper.rb:256:in `process_action'
activerecord (5.2.3) lib/active_record/railties/controller_runtime.rb:24:in `process_action'
actionpack (5.2.3) lib/abstract_controller/base.rb:134:in `process'
actionview (5.2.3) lib/action_view/rendering.rb:32:in `process'
actionpack (5.2.3) lib/action_controller/metal.rb:191:in `dispatch'
actionpack (5.2.3) lib/action_controller/metal.rb:252:in `dispatch'
actionpack (5.2.3) lib/action_dispatch/routing/route_set.rb:52:in `dispatch'
actionpack (5.2.3) lib/action_dispatch/routing/route_set.rb:34:in `serve'
actionpack (5.2.3) lib/action_dispatch/journey/router.rb:52:in `block in serve'
actionpack (5.2.3) lib/action_dispatch/journey/router.rb:35:in `each'
actionpack (5.2.3) lib/action_dispatch/journey/router.rb:35:in `serve'
actionpack (5.2.3) lib/action_dispatch/routing/route_set.rb:840:in `call'
rack (2.0.7) lib/rack/tempfile_reaper.rb:15:in `call'
rack (2.0.7) lib/rack/etag.rb:25:in `call'
rack (2.0.7) lib/rack/conditional_get.rb:25:in `call'
rack (2.0.7) lib/rack/head.rb:12:in `call'
actionpack (5.2.3) lib/action_dispatch/http/content_security_policy.rb:18:in `call'
rack (2.0.7) lib/rack/session/abstract/id.rb:232:in `context'
rack (2.0.7) lib/rack/session/abstract/id.rb:226:in `call'
actionpack (5.2.3) lib/action_dispatch/middleware/cookies.rb:670:in `call'
activerecord (5.2.3) lib/active_record/migration.rb:559:in `call'
actionpack (5.2.3) lib/action_dispatch/middleware/callbacks.rb:28:in `block in call'
activesupport (5.2.3) lib/active_support/callbacks.rb:98:in `run_callbacks'
actionpack (5.2.3) lib/action_dispatch/middleware/callbacks.rb:26:in `call'
actionpack (5.2.3) lib/action_dispatch/middleware/executor.rb:14:in `call'
actionpack (5.2.3) lib/action_dispatch/middleware/debug_exceptions.rb:61:in `call'
web-console (3.7.0) lib/web_console/middleware.rb:135:in `call_app'
web-console (3.7.0) lib/web_console/middleware.rb:30:in `block in call'
web-console (3.7.0) lib/web_console/middleware.rb:20:in `catch'
web-console (3.7.0) lib/web_console/middleware.rb:20:in `call'
actionpack (5.2.3) lib/action_dispatch/middleware/show_exceptions.rb:33:in `call'
railties (5.2.3) lib/rails/rack/logger.rb:38:in `call_app'
railties (5.2.3) lib/rails/rack/logger.rb:26:in `block in call'
activesupport (5.2.3) lib/active_support/tagged_logging.rb:71:in `block in tagged'
activesupport (5.2.3) lib/active_support/tagged_logging.rb:28:in `tagged'
activesupport (5.2.3) lib/active_support/tagged_logging.rb:71:in `tagged'
railties (5.2.3) lib/rails/rack/logger.rb:26:in `call'
sprockets-rails (3.2.1) lib/sprockets/rails/quiet_assets.rb:13:in `call'
actionpack (5.2.3) lib/action_dispatch/middleware/remote_ip.rb:81:in `call'
actionpack (5.2.3) lib/action_dispatch/middleware/request_id.rb:27:in `call'
rack (2.0.7) lib/rack/method_override.rb:22:in `call'
rack (2.0.7) lib/rack/runtime.rb:22:in `call'
activesupport (5.2.3) lib/active_support/cache/strategy/local_cache_middleware.rb:29:in `call'
actionpack (5.2.3) lib/action_dispatch/middleware/executor.rb:14:in `call'
actionpack (5.2.3) lib/action_dispatch/middleware/static.rb:127:in `call'
rack (2.0.7) lib/rack/sendfile.rb:111:in `call'
railties (5.2.3) lib/rails/engine.rb:524:in `call'
puma (3.12.1) lib/puma/configuration.rb:227:in `call'
puma (3.12.1) lib/puma/server.rb:660:in `handle_request'
puma (3.12.1) lib/puma/server.rb:474:in `process_client'
puma (3.12.1) lib/puma/server.rb:334:in `block in run'
puma (3.12.1) lib/puma/thread_pool.rb:135:in `block in spawn_thread'
Started GET "/" for ::1 at 2019-09-13 17:25:42 +1000
Processing by LandingPageController#index as HTML
  Rendering landing_page/index.html.erb within layouts/application
  Rendered landing_page/index.html.erb within layouts/application (0.3ms)
Completed 200 OK in 313ms (Views: 311.6ms | ActiveRecord: 0.0ms)


Started GET "/" for ::1 at 2019-09-13 17:25:49 +1000
Processing by LandingPageController#index as HTML
  Rendering landing_page/index.html.erb within layouts/application
  Rendered landing_page/index.html.erb within layouts/application (0.4ms)
Completed 200 OK in 23ms (Views: 17.8ms | ActiveRecord: 0.0ms)


Started GET "/" for ::1 at 2019-09-13 17:27:44 +1000
Processing by LandingPageController#index as HTML
  Rendering landing_page/index.html.erb within layouts/application
  Rendered landing_page/index.html.erb within layouts/application (0.5ms)
Completed 200 OK in 14ms (Views: 13.9ms | ActiveRecord: 0.0ms)


Started GET "/" for ::1 at 2019-09-13 17:28:17 +1000
Processing by LandingPageController#index as HTML
  Rendering landing_page/index.html.erb within layouts/application
  Rendered landing_page/index.html.erb within layouts/application (0.4ms)
Completed 200 OK in 22ms (Views: 20.4ms | ActiveRecord: 0.0ms)


Started GET "/" for ::1 at 2019-09-13 17:29:02 +1000
Processing by LandingPageController#index as HTML
  Rendering landing_page/index.html.erb within layouts/application
  Rendered landing_page/index.html.erb within layouts/application (0.5ms)
Completed 200 OK in 24ms (Views: 22.5ms | ActiveRecord: 0.0ms)


  [1m[35m (40.5ms)[0m  [1m[35mCREATE TABLE "schema_migrations" ("version" character varying NOT NULL PRIMARY KEY)[0m
  ↳ bin/rails:9
  [1m[35m (7.0ms)[0m  [1m[35mCREATE TABLE "ar_internal_metadata" ("key" character varying NOT NULL PRIMARY KEY, "value" character varying, "created_at" timestamp NOT NULL, "updated_at" timestamp NOT NULL)[0m
  ↳ bin/rails:9
  [1m[35m (1.2ms)[0m  [1m[34mSELECT pg_try_advisory_lock(5611230966361650)[0m
  ↳ bin/rails:9
  [1m[35m (1.3ms)[0m  [1m[34mSELECT "schema_migrations"."version" FROM "schema_migrations" ORDER BY "schema_migrations"."version" ASC[0m
  ↳ bin/rails:9
Migrating to CreateUsers (20190913073622)
  [1m[35m (5.8ms)[0m  [1m[35mBEGIN[0m
  ↳ bin/rails:9
  [1m[35m (15.5ms)[0m  [1m[35mCREATE TABLE "users" ("id" bigserial primary key, "first_name" character varying, "last_name" character varying, "email" character varying, "password_digest" text, "created_at" timestamp NOT NULL, "updated_at" timestamp NOT NULL)[0m
  ↳ db/migrate/20190913073622_create_users.rb:3
  [1m[36mActiveRecord::SchemaMigration Create (3.5ms)[0m  [1m[32mINSERT INTO "schema_migrations" ("version") VALUES ($1) RETURNING "version"[0m  [["version", "20190913073622"]]
  ↳ bin/rails:9
  [1m[35m (0.8ms)[0m  [1m[35mCOMMIT[0m
  ↳ bin/rails:9
  [1m[36mActiveRecord::InternalMetadata Load (0.6ms)[0m  [1m[34mSELECT  "ar_internal_metadata".* FROM "ar_internal_metadata" WHERE "ar_internal_metadata"."key" = $1 LIMIT $2[0m  [["key", "environment"], ["LIMIT", 1]]
  ↳ bin/rails:9
  [1m[35m (0.2ms)[0m  [1m[35mBEGIN[0m
  ↳ bin/rails:9
  [1m[36mActiveRecord::InternalMetadata Create (1.3ms)[0m  [1m[32mINSERT INTO "ar_internal_metadata" ("key", "value", "created_at", "updated_at") VALUES ($1, $2, $3, $4) RETURNING "key"[0m  [["key", "environment"], ["value", "development"], ["created_at", "2019-09-13 07:40:11.168675"], ["updated_at", "2019-09-13 07:40:11.168675"]]
  ↳ bin/rails:9
  [1m[35m (0.3ms)[0m  [1m[35mCOMMIT[0m
  ↳ bin/rails:9
  [1m[35m (0.2ms)[0m  [1m[34mSELECT pg_advisory_unlock(5611230966361650)[0m
  ↳ bin/rails:9
  [1m[35m (1.2ms)[0m  [1m[34mSELECT "schema_migrations"."version" FROM "schema_migrations" ORDER BY "schema_migrations"."version" ASC[0m
  ↳ bin/rails:9
Started GET "/users" for ::1 at 2019-09-13 17:45:39 +1000
  [1m[35m (1.4ms)[0m  [1m[34mSELECT "schema_migrations"."version" FROM "schema_migrations" ORDER BY "schema_migrations"."version" ASC[0m
  ↳ /Users/cliftonbaggerman/.rvm/gems/ruby-2.6.3/gems/activerecord-5.2.3/lib/active_record/log_subscriber.rb:98
  
AbstractController::ActionNotFound (The action 'index' could not be found for UsersController):
  
actionpack (5.2.3) lib/abstract_controller/base.rb:129:in `process'
actionview (5.2.3) lib/action_view/rendering.rb:32:in `process'
actionpack (5.2.3) lib/action_controller/metal.rb:191:in `dispatch'
actionpack (5.2.3) lib/action_controller/metal.rb:252:in `dispatch'
actionpack (5.2.3) lib/action_dispatch/routing/route_set.rb:52:in `dispatch'
actionpack (5.2.3) lib/action_dispatch/routing/route_set.rb:34:in `serve'
actionpack (5.2.3) lib/action_dispatch/journey/router.rb:52:in `block in serve'
actionpack (5.2.3) lib/action_dispatch/journey/router.rb:35:in `each'
actionpack (5.2.3) lib/action_dispatch/journey/router.rb:35:in `serve'
actionpack (5.2.3) lib/action_dispatch/routing/route_set.rb:840:in `call'
rack (2.0.7) lib/rack/tempfile_reaper.rb:15:in `call'
rack (2.0.7) lib/rack/etag.rb:25:in `call'
rack (2.0.7) lib/rack/conditional_get.rb:25:in `call'
rack (2.0.7) lib/rack/head.rb:12:in `call'
actionpack (5.2.3) lib/action_dispatch/http/content_security_policy.rb:18:in `call'
rack (2.0.7) lib/rack/session/abstract/id.rb:232:in `context'
rack (2.0.7) lib/rack/session/abstract/id.rb:226:in `call'
actionpack (5.2.3) lib/action_dispatch/middleware/cookies.rb:670:in `call'
activerecord (5.2.3) lib/active_record/migration.rb:559:in `call'
actionpack (5.2.3) lib/action_dispatch/middleware/callbacks.rb:28:in `block in call'
activesupport (5.2.3) lib/active_support/callbacks.rb:98:in `run_callbacks'
actionpack (5.2.3) lib/action_dispatch/middleware/callbacks.rb:26:in `call'
actionpack (5.2.3) lib/action_dispatch/middleware/executor.rb:14:in `call'
actionpack (5.2.3) lib/action_dispatch/middleware/debug_exceptions.rb:61:in `call'
web-console (3.7.0) lib/web_console/middleware.rb:135:in `call_app'
web-console (3.7.0) lib/web_console/middleware.rb:30:in `block in call'
web-console (3.7.0) lib/web_console/middleware.rb:20:in `catch'
web-console (3.7.0) lib/web_console/middleware.rb:20:in `call'
actionpack (5.2.3) lib/action_dispatch/middleware/show_exceptions.rb:33:in `call'
railties (5.2.3) lib/rails/rack/logger.rb:38:in `call_app'
railties (5.2.3) lib/rails/rack/logger.rb:26:in `block in call'
activesupport (5.2.3) lib/active_support/tagged_logging.rb:71:in `block in tagged'
activesupport (5.2.3) lib/active_support/tagged_logging.rb:28:in `tagged'
activesupport (5.2.3) lib/active_support/tagged_logging.rb:71:in `tagged'
railties (5.2.3) lib/rails/rack/logger.rb:26:in `call'
sprockets-rails (3.2.1) lib/sprockets/rails/quiet_assets.rb:13:in `call'
actionpack (5.2.3) lib/action_dispatch/middleware/remote_ip.rb:81:in `call'
actionpack (5.2.3) lib/action_dispatch/middleware/request_id.rb:27:in `call'
rack (2.0.7) lib/rack/method_override.rb:22:in `call'
rack (2.0.7) lib/rack/runtime.rb:22:in `call'
activesupport (5.2.3) lib/active_support/cache/strategy/local_cache_middleware.rb:29:in `call'
actionpack (5.2.3) lib/action_dispatch/middleware/executor.rb:14:in `call'
actionpack (5.2.3) lib/action_dispatch/middleware/static.rb:127:in `call'
rack (2.0.7) lib/rack/sendfile.rb:111:in `call'
railties (5.2.3) lib/rails/engine.rb:524:in `call'
puma (3.12.1) lib/puma/configuration.rb:227:in `call'
puma (3.12.1) lib/puma/server.rb:660:in `handle_request'
puma (3.12.1) lib/puma/server.rb:474:in `process_client'
puma (3.12.1) lib/puma/server.rb:334:in `block in run'
puma (3.12.1) lib/puma/thread_pool.rb:135:in `block in spawn_thread'
Started GET "/users" for ::1 at 2019-09-13 17:46:51 +1000
Processing by UsersController#index as HTML
  Rendering users/index.html.erb within layouts/application
  Rendered users/index.html.erb within layouts/application (0.3ms)
Completed 200 OK in 485ms (Views: 483.8ms | ActiveRecord: 0.0ms)


  [1m[36mUser Load (1.4ms)[0m  [1m[34mSELECT  "users".* FROM "users" LIMIT $1[0m  [["LIMIT", 11]]
  [1m[36mUser Load (1.6ms)[0m  [1m[34mSELECT  "users".* FROM "users" LIMIT $1[0m  [["LIMIT", 11]]
  [1m[35m (0.5ms)[0m  [1m[35mBEGIN[0m
  [1m[36mUser Create (1.6ms)[0m  [1m[32mINSERT INTO "users" ("first_name", "last_name", "email", "created_at", "updated_at") VALUES ($1, $2, $3, $4, $5) RETURNING "id"[0m  [["first_name", "clifton"], ["last_name", "blah"], ["email", "test@test.com"], ["created_at", "2019-09-13 07:50:45.623310"], ["updated_at", "2019-09-13 07:50:45.623310"]]
  [1m[35m (0.8ms)[0m  [1m[35mCOMMIT[0m
Started GET "/users" for ::1 at 2019-09-13 17:51:54 +1000
Processing by UsersController#index as HTML
  Rendering users/index.html.erb within layouts/application
  [1m[36mUser Load (1.8ms)[0m  [1m[34mSELECT "users".* FROM "users"[0m
  ↳ app/views/users/index.html.erb:3
  Rendered users/index.html.erb within layouts/application (23.8ms)
Completed 200 OK in 43ms (Views: 28.7ms | ActiveRecord: 11.9ms)


Started GET "/users" for ::1 at 2019-09-13 17:52:30 +1000
Processing by UsersController#index as HTML
  Rendering users/index.html.erb within layouts/application
  [1m[36mUser Load (0.8ms)[0m  [1m[34mSELECT "users".* FROM "users"[0m
  ↳ app/views/users/index.html.erb:3
  Rendered users/index.html.erb within layouts/application (2.4ms)
Completed 200 OK in 26ms (Views: 23.0ms | ActiveRecord: 0.8ms)


  [1m[35m (0.4ms)[0m  [1m[34mSELECT pg_try_advisory_lock(5611230966361650)[0m
  ↳ bin/rails:9
  [1m[35m (0.9ms)[0m  [1m[34mSELECT "schema_migrations"."version" FROM "schema_migrations" ORDER BY "schema_migrations"."version" ASC[0m
  ↳ bin/rails:9
Migrating to AddProfilePicToUsers (20190913075541)
  [1m[35m (0.5ms)[0m  [1m[35mBEGIN[0m
  ↳ bin/rails:9
  [1m[35m (9.6ms)[0m  [1m[35mALTER TABLE "users" ADD "profile_pic" text[0m
  ↳ db/migrate/20190913075541_add_profile_pic_to_users.rb:3
  [1m[36mActiveRecord::SchemaMigration Create (0.9ms)[0m  [1m[32mINSERT INTO "schema_migrations" ("version") VALUES ($1) RETURNING "version"[0m  [["version", "20190913075541"]]
  ↳ bin/rails:9
  [1m[35m (0.5ms)[0m  [1m[35mCOMMIT[0m
  ↳ bin/rails:9
  [1m[36mActiveRecord::InternalMetadata Load (5.0ms)[0m  [1m[34mSELECT  "ar_internal_metadata".* FROM "ar_internal_metadata" WHERE "ar_internal_metadata"."key" = $1 LIMIT $2[0m  [["key", "environment"], ["LIMIT", 1]]
  ↳ bin/rails:9
  [1m[35m (0.2ms)[0m  [1m[35mBEGIN[0m
  ↳ bin/rails:9
  [1m[35m (0.2ms)[0m  [1m[35mCOMMIT[0m
  ↳ bin/rails:9
  [1m[35m (0.3ms)[0m  [1m[34mSELECT pg_advisory_unlock(5611230966361650)[0m
  ↳ bin/rails:9
  [1m[35m (0.4ms)[0m  [1m[34mSELECT "schema_migrations"."version" FROM "schema_migrations" ORDER BY "schema_migrations"."version" ASC[0m
  ↳ bin/rails:9
Started GET "/users" for ::1 at 2019-09-14 17:32:27 +1000
  [1m[35m (2.8ms)[0m  [1m[34mSELECT "schema_migrations"."version" FROM "schema_migrations" ORDER BY "schema_migrations"."version" ASC[0m
  ↳ /Users/cliftonbaggerman/.rvm/gems/ruby-2.6.3/gems/activerecord-5.2.3/lib/active_record/log_subscriber.rb:98
Processing by UsersController#index as HTML
  Rendering users/index.html.erb within layouts/application
  [1m[36mUser Load (6.5ms)[0m  [1m[34mSELECT "users".* FROM "users"[0m
  ↳ app/views/users/index.html.erb:3
  Rendered users/index.html.erb within layouts/application (30.5ms)
Completed 200 OK in 152ms (Views: 39.5ms | ActiveRecord: 20.3ms)


